<?xml version="1.0" encoding="UTF-8"?>
<coverage generated="1451942756">
  <project timestamp="1451942756">
    <package name="Shutterstock\Api">
      <file name="/Users/jemerick/development/php-shutterstock-api/src/Client.php">
        <class name="Client" namespace="Shutterstock\Api">
          <metrics methods="2" coveredmethods="1" conditionals="0" coveredconditionals="0" statements="7" coveredstatements="6" elements="9" coveredelements="7"/>
        </class>
        <line num="18" type="method" name="__construct" crap="1" count="2"/>
        <line num="20" type="stmt" count="2"/>
        <line num="21" type="stmt" count="2"/>
        <line num="22" type="stmt" count="2"/>
        <line num="23" type="stmt" count="2"/>
        <line num="24" type="stmt" count="2"/>
        <line num="25" type="stmt" count="2"/>
        <line num="33" type="method" name="performSearch" crap="2" count="0"/>
        <line num="35" type="stmt" count="0"/>
        <metrics loc="37" ncloc="26" classes="1" methods="2" coveredmethods="1" conditionals="0" coveredconditionals="0" statements="7" coveredstatements="6" elements="9" coveredelements="7"/>
      </file>
    </package>
    <metrics files="1" loc="37" ncloc="26" classes="1" methods="2" coveredmethods="1" conditionals="0" coveredconditionals="0" statements="7" coveredstatements="6" elements="9" coveredelements="7"/>
  </project>
</coverage>
